2018-04-26 11:08:32,373 [Worker-6] INFO  o.e.m.c.i.e.AbstractTransferListenerAdapter - Downloaded http://repo.maven.apache.org/maven2/org/apache/maven/plugins/maven-compiler-plugin/3.3/maven-compiler-plugin-3.3.jar
2018-04-26 11:08:34,012 [Worker-6] INFO  o.e.m.c.i.e.AbstractTransferListenerAdapter - Downloaded http://repo.maven.apache.org/maven2/org/apache/maven/plugins/maven-jar-plugin/2.4/maven-jar-plugin-2.4.jar
2018-04-26 11:08:35,635 [Worker-6] INFO  o.e.m.c.i.e.AbstractTransferListenerAdapter - Downloaded http://repo.maven.apache.org/maven2/org/apache/maven/plugins/maven-compiler-plugin/3.3/maven-compiler-plugin-3.3.pom
2018-04-26 11:08:35,704 [Worker-6] INFO  o.e.m.c.i.l.LifecycleMappingFactory - Using org.eclipse.m2e.jdt.JarLifecycleMapping lifecycle mapping for MavenProject: MqttClient:MqttClient:0.0.1-SNAPSHOT @ C:\Users\Higor Pinheiro\Desktop\mqttclient\MqttClient\pom.xml.
2018-04-26 11:08:35,863 [Worker-6] INFO  o.e.m.c.i.e.AbstractTransferListenerAdapter - Downloaded https://repo.eclipse.org/content/repositories/paho-releases/org/eclipse/paho/org.eclipse.paho.client.mqttv3/1.0.2/org.eclipse.paho.client.mqttv3-1.0.2.pom
2018-04-26 11:08:35,896 [Worker-6] INFO  o.e.m.c.i.e.AbstractTransferListenerAdapter - Downloaded http://repo.maven.apache.org/maven2/org/eclipse/paho/org.eclipse.paho.client.mqttv3/1.0.2/org.eclipse.paho.client.mqttv3-1.0.2.pom
2018-04-26 11:08:48,412 [Worker-0] INFO  o.e.m.c.i.l.LifecycleMappingFactory - Using org.eclipse.m2e.jdt.JarLifecycleMapping lifecycle mapping for MavenProject: MqttClient:MqttClient:0.0.1-SNAPSHOT @ C:\Users\Higor Pinheiro\Desktop\mqttclient\MqttClient\pom.xml.
2018-04-26 11:08:48,465 [Worker-6] WARN  o.e.m.c.i.embedder.EclipseLogger - Using platform encoding (Cp1252 actually) to copy filtered resources, i.e. build is platform dependent!
2018-04-26 11:08:48,494 [Worker-6] INFO  o.e.m.c.i.embedder.EclipseLogger - skip non existing resourceDirectory C:\Users\Higor Pinheiro\Desktop\mqttclient\MqttClient\src\main\resources
2018-04-26 11:08:48,497 [Worker-6] WARN  o.e.m.c.i.embedder.EclipseLogger - Using platform encoding (Cp1252 actually) to copy filtered resources, i.e. build is platform dependent!
2018-04-26 11:08:48,507 [Worker-6] INFO  o.e.m.c.i.embedder.EclipseLogger - skip non existing resourceDirectory C:\Users\Higor Pinheiro\Desktop\mqttclient\MqttClient\src\test\resources
2018-04-26 11:08:49,688 [Worker-2] WARN  o.e.m.c.i.embedder.EclipseLogger - Using platform encoding (Cp1252 actually) to copy filtered resources, i.e. build is platform dependent!
2018-04-26 11:08:49,696 [Worker-2] INFO  o.e.m.c.i.embedder.EclipseLogger - skip non existing resourceDirectory C:\Users\Higor Pinheiro\Desktop\mqttclient\MqttClient\src\main\resources
2018-04-26 11:08:49,698 [Worker-2] WARN  o.e.m.c.i.embedder.EclipseLogger - Using platform encoding (Cp1252 actually) to copy filtered resources, i.e. build is platform dependent!
2018-04-26 11:08:49,706 [Worker-2] INFO  o.e.m.c.i.embedder.EclipseLogger - skip non existing resourceDirectory C:\Users\Higor Pinheiro\Desktop\mqttclient\MqttClient\src\test\resources
2018-04-26 11:22:43,365 [Worker-11] WARN  o.e.m.c.i.embedder.EclipseLogger - Using platform encoding (Cp1252 actually) to copy filtered resources, i.e. build is platform dependent!
2018-04-26 11:22:43,423 [Worker-11] INFO  o.e.m.c.i.embedder.EclipseLogger - skip non existing resourceDirectory C:\Users\Higor Pinheiro\Desktop\mqttclient\MqttClient\src\main\resources
2018-04-26 11:22:43,425 [Worker-11] WARN  o.e.m.c.i.embedder.EclipseLogger - Using platform encoding (Cp1252 actually) to copy filtered resources, i.e. build is platform dependent!
2018-04-26 11:22:43,442 [Worker-11] INFO  o.e.m.c.i.embedder.EclipseLogger - skip non existing resourceDirectory C:\Users\Higor Pinheiro\Desktop\mqttclient\MqttClient\src\test\resources
2018-04-26 11:22:50,136 [Worker-12] WARN  o.e.m.c.i.embedder.EclipseLogger - Using platform encoding (Cp1252 actually) to copy filtered resources, i.e. build is platform dependent!
2018-04-26 11:22:50,198 [Worker-12] INFO  o.e.m.c.i.embedder.EclipseLogger - skip non existing resourceDirectory C:\Users\Higor Pinheiro\Desktop\mqttclient\MqttClient\src\main\resources
2018-04-26 11:22:50,209 [Worker-12] WARN  o.e.m.c.i.embedder.EclipseLogger - Using platform encoding (Cp1252 actually) to copy filtered resources, i.e. build is platform dependent!
2018-04-26 11:22:50,231 [Worker-12] INFO  o.e.m.c.i.embedder.EclipseLogger - skip non existing resourceDirectory C:\Users\Higor Pinheiro\Desktop\mqttclient\MqttClient\src\test\resources
2018-04-26 11:57:04,663 [Worker-1] INFO  o.e.m.c.i.l.LifecycleMappingFactory - Using org.eclipse.m2e.jdt.JarLifecycleMapping lifecycle mapping for MavenProject: MqttClient:MqttClient:0.0.1-SNAPSHOT @ C:\Users\Higor Pinheiro\Desktop\mqttclient\MqttClient\pom.xml.
2018-04-26 11:57:11,788 [Worker-1] WARN  o.e.m.c.i.embedder.EclipseLogger - Using platform encoding (Cp1252 actually) to copy filtered resources, i.e. build is platform dependent!
2018-04-26 11:57:11,845 [Worker-1] INFO  o.e.m.c.i.embedder.EclipseLogger - skip non existing resourceDirectory C:\Users\Higor Pinheiro\Desktop\mqttclient\MqttClient\src\main\resources
2018-04-26 11:57:11,848 [Worker-1] WARN  o.e.m.c.i.embedder.EclipseLogger - Using platform encoding (Cp1252 actually) to copy filtered resources, i.e. build is platform dependent!
2018-04-26 11:57:11,859 [Worker-1] INFO  o.e.m.c.i.embedder.EclipseLogger - skip non existing resourceDirectory C:\Users\Higor Pinheiro\Desktop\mqttclient\MqttClient\src\test\resources
